{"timestamp":"2025-05-18T07:45:57.904Z","action":"DOCUMENT_REQUEST_CONFIRMATION","recipient":"frozenskill2212003@gmail.com","recipient_name":"dela","document":"p1","request_id":"REQ-48"}
{"timestamp":"2025-05-18T07:46:02.605Z","action":"REQUEST_CONFIRMATION_SENT_SUCCESS","recipient":"frozenskill2212003@gmail.com","recipient_name":"dela","document":"p1","request_id":"REQ-48"}
{"timestamp":"2025-05-18T08:11:54.845Z","action":"DOCUMENT_REQUEST_CONFIRMATION","recipient":"frozenskill2212003@gmail.com","recipient_name":"Ethan Wright","document":"p1","request_id":"REQ-49"}
{"timestamp":"2025-05-18T08:11:58.236Z","action":"REQUEST_CONFIRMATION_SENT_SUCCESS","recipient":"frozenskill2212003@gmail.com","recipient_name":"Ethan Wright","document":"p1","request_id":"REQ-49"}
{"timestamp":"2025-05-18T08:12:57.985Z","action":"DOCUMENT_APPROVAL_START","recipient":"frozenskill2212003@gmail.com","documentTitle":"p1","documentPath":"C:\\Users\\Cj\\Desktop\\sPeAS\\storage\\confluence\\1747455901680_5876.pdf"}
{"timestamp":"2025-05-18T08:12:59.763Z","action":"DOCUMENT_APPROVAL_START","recipient":"frozenskill2212003@gmail.com","documentTitle":"p1","documentPath":"C:\\Users\\Cj\\Desktop\\sPeAS\\storage\\confluence\\1747455901680_5876.pdf"}
{"timestamp":"2025-05-18T08:13:00.327Z","action":"DOCUMENT_APPROVAL_START","recipient":"frozenskill2212003@gmail.com","documentTitle":"p1","documentPath":"C:\\Users\\Cj\\Desktop\\sPeAS\\storage\\confluence\\1747455901680_5876.pdf"}
{"timestamp":"2025-05-18T08:13:00.517Z","action":"DOCUMENT_APPROVAL_START","recipient":"frozenskill2212003@gmail.com","documentTitle":"p1","documentPath":"C:\\Users\\Cj\\Desktop\\sPeAS\\storage\\confluence\\1747455901680_5876.pdf"}
{"timestamp":"2025-05-18T08:13:00.771Z","action":"DOCUMENT_APPROVAL_START","recipient":"frozenskill2212003@gmail.com","documentTitle":"p1","documentPath":"C:\\Users\\Cj\\Desktop\\sPeAS\\storage\\confluence\\1747455901680_5876.pdf"}
{"timestamp":"2025-05-18T08:13:03.916Z","action":"DOCUMENT_APPROVAL_EMAIL_SENT","recipient":"frozenskill2212003@gmail.com","documentTitle":"p1","documentPath":"C:\\Users\\Cj\\Desktop\\sPeAS\\storage\\confluence\\1747455901680_5876.pdf","fileExists":true,"fileSize":379315,"attachmentIncluded":true,"attachmentSize":379315}
{"timestamp":"2025-05-18T08:13:10.919Z","action":"DOCUMENT_APPROVAL_EMAIL_SENT","recipient":"frozenskill2212003@gmail.com","documentTitle":"p1","documentPath":"C:\\Users\\Cj\\Desktop\\sPeAS\\storage\\confluence\\1747455901680_5876.pdf","fileExists":true,"fileSize":379315,"attachmentIncluded":true,"attachmentSize":379315}
{"timestamp":"2025-05-18T08:13:16.567Z","action":"DOCUMENT_APPROVAL_EMAIL_SENT","recipient":"frozenskill2212003@gmail.com","documentTitle":"p1","documentPath":"C:\\Users\\Cj\\Desktop\\sPeAS\\storage\\confluence\\1747455901680_5876.pdf","fileExists":true,"fileSize":379315,"attachmentIncluded":true,"attachmentSize":379315}
{"timestamp":"2025-05-18T08:13:21.659Z","action":"DOCUMENT_APPROVAL_EMAIL_SENT","recipient":"frozenskill2212003@gmail.com","documentTitle":"p1","documentPath":"C:\\Users\\Cj\\Desktop\\sPeAS\\storage\\confluence\\1747455901680_5876.pdf","fileExists":true,"fileSize":379315,"attachmentIncluded":true,"attachmentSize":379315}
{"timestamp":"2025-05-18T08:13:26.568Z","action":"DOCUMENT_APPROVAL_EMAIL_SENT","recipient":"frozenskill2212003@gmail.com","documentTitle":"p1","documentPath":"C:\\Users\\Cj\\Desktop\\sPeAS\\storage\\confluence\\1747455901680_5876.pdf","fileExists":true,"fileSize":379315,"attachmentIncluded":true,"attachmentSize":379315}
{"timestamp":"2025-05-18T08:19:53.363Z","action":"DOCUMENT_REQUEST_CONFIRMATION","recipient":"frozenskill2212003@gmail.com","recipient_name":"cj new","document":"sample study 12","request_id":"REQ-50"}
{"timestamp":"2025-05-18T08:19:56.591Z","action":"REQUEST_CONFIRMATION_SENT_SUCCESS","recipient":"frozenskill2212003@gmail.com","recipient_name":"cj new","document":"sample study 12","request_id":"REQ-50"}
{"timestamp":"2025-05-18T08:20:36.147Z","action":"DOCUMENT_REQUEST_CONFIRMATION","recipient":"frozenskill2212003@gmail.com","recipient_name":"Ethan Wright","document":"sample thesis","request_id":"REQ-51"}
{"timestamp":"2025-05-18T08:20:37.794Z","action":"REQUEST_CONFIRMATION_SENT_SUCCESS","recipient":"frozenskill2212003@gmail.com","recipient_name":"Ethan Wright","document":"sample thesis","request_id":"REQ-51"}
{"timestamp":"2025-05-18T08:20:59.675Z","action":"DOCUMENT_APPROVAL_START","recipient":"frozenskill2212003@gmail.com","documentTitle":"sample thesis","documentPath":"C:\\Users\\Cj\\Desktop\\sPeAS\\storage\\thesis\\1747277698026_5952.pdf"}
{"timestamp":"2025-05-18T08:21:04.782Z","action":"DOCUMENT_APPROVAL_EMAIL_SENT","recipient":"frozenskill2212003@gmail.com","documentTitle":"sample thesis","documentPath":"C:\\Users\\Cj\\Desktop\\sPeAS\\storage\\thesis\\1747277698026_5952.pdf","fileExists":true,"fileSize":379315,"attachmentIncluded":true,"attachmentSize":379315}
{"timestamp":"2025-05-18T08:42:23.074Z","action":"DOCUMENT_REQUEST_CONFIRMATION","recipient":"frozenskill2212003@gmail.com","recipient_name":"Charlie Evans","document":"SYNERGY Vol. 11 (2020-2021)","request_id":"REQ-52"}
{"timestamp":"2025-05-18T08:42:26.569Z","action":"REQUEST_CONFIRMATION_SENT_SUCCESS","recipient":"frozenskill2212003@gmail.com","recipient_name":"Charlie Evans","document":"SYNERGY Vol. 11 (2020-2021)","request_id":"REQ-52"}
{"timestamp":"2025-05-18T08:43:19.591Z","action":"DOCUMENT_REQUEST_CONFIRMATION","recipient":"frozenskill2212003@gmail.com","recipient_name":"Charlie Evans","document":"sample study 12","request_id":"REQ-53"}
{"timestamp":"2025-05-18T08:43:21.279Z","action":"REQUEST_CONFIRMATION_SENT_SUCCESS","recipient":"frozenskill2212003@gmail.com","recipient_name":"Charlie Evans","document":"sample study 12","request_id":"REQ-53"}
{"timestamp":"2025-05-18T08:43:34.462Z","action":"DOCUMENT_APPROVAL_START","recipient":"frozenskill2212003@gmail.com","documentTitle":"sample study 12","documentPath":"C:\\Users\\Cj\\Desktop\\sPeAS\\storage\\synergy\\1747455539894_5993.pdf"}
{"timestamp":"2025-05-18T08:43:40.468Z","action":"DOCUMENT_APPROVAL_EMAIL_SENT","recipient":"frozenskill2212003@gmail.com","documentTitle":"sample study 12","documentPath":"C:\\Users\\Cj\\Desktop\\sPeAS\\storage\\synergy\\1747455539894_5993.pdf","fileExists":true,"fileSize":379315,"attachmentIncluded":true,"attachmentSize":379315}
{"timestamp":"2025-05-18T08:45:00.162Z","action":"DOCUMENT_REQUEST_CONFIRMATION","recipient":"frozenskill2212003@gmail.com","recipient_name":"Charlie Evans","document":"CONFLUENCE Vol. 11 (2001-2002)","request_id":"REQ-54"}
{"timestamp":"2025-05-18T08:45:01.729Z","action":"REQUEST_CONFIRMATION_SENT_SUCCESS","recipient":"frozenskill2212003@gmail.com","recipient_name":"Charlie Evans","document":"CONFLUENCE Vol. 11 (2001-2002)","request_id":"REQ-54"}
{"timestamp":"2025-05-18T09:08:40.705Z","action":"DOCUMENT_REQUEST_CONFIRMATION","recipient":"frozenskill2212003@gmail.com","recipient_name":"Charlie Evans","document":"CONFLUENCE Vol. 13 (2017-2018)","request_id":"REQ-55"}
{"timestamp":"2025-05-18T09:08:43.902Z","action":"REQUEST_CONFIRMATION_SENT_SUCCESS","recipient":"frozenskill2212003@gmail.com","recipient_name":"Charlie Evans","document":"CONFLUENCE Vol. 13 (2017-2018)","request_id":"REQ-55"}
{"timestamp":"2025-05-18T12:35:27.146Z","action":"DOCUMENT_REQUEST_CONFIRMATION","recipient":"frozenskill2212003@gmail.com","recipient_name":"cj","document":"sample thesis","request_id":"REQ-56"}
{"timestamp":"2025-05-18T12:45:24.947Z","action":"DOCUMENT_REQUEST_CONFIRMATION","recipient":"frozenskill2212003@gmail.com","recipient_name":"cj","document":"sample thesis","request_id":"REQ-57"}
{"timestamp":"2025-05-18T12:45:28.901Z","action":"REQUEST_CONFIRMATION_SENT_SUCCESS","recipient":"frozenskill2212003@gmail.com","recipient_name":"cj","document":"sample thesis","request_id":"REQ-57"}
{"timestamp":"2025-05-18T12:48:09.151Z","action":"DOCUMENT_REQUEST_CONFIRMATION","recipient":"frozenskill2212003@gmail.com","recipient_name":"Charlie Evans","document":"sample dissert","request_id":"REQ-58"}
{"timestamp":"2025-05-18T12:48:12.419Z","action":"REQUEST_CONFIRMATION_SENT_SUCCESS","recipient":"frozenskill2212003@gmail.com","recipient_name":"Charlie Evans","document":"sample dissert","request_id":"REQ-58"}
{"timestamp":"2025-05-18T12:48:40.992Z","action":"DOCUMENT_APPROVAL_START","recipient":"frozenskill2212003@gmail.com","documentTitle":"sample dissert","documentPath":"C:\\Users\\Cj\\Desktop\\sPeAS\\storage\\dissertation\\1747467949667_6510.pdf","childDocumentCount":0}
{"timestamp":"2025-05-18T12:49:47.466Z","action":"DOCUMENT_REQUEST_CONFIRMATION","recipient":"frozenskill2212003@gmail.com","recipient_name":"Charlie Evans","document":"p1","request_id":"REQ-59"}
{"timestamp":"2025-05-18T12:49:49.476Z","action":"REQUEST_CONFIRMATION_SENT_SUCCESS","recipient":"frozenskill2212003@gmail.com","recipient_name":"Charlie Evans","document":"p1","request_id":"REQ-59"}
{"timestamp":"2025-05-18T12:50:04.510Z","action":"DOCUMENT_APPROVAL_START","recipient":"frozenskill2212003@gmail.com","documentTitle":"p1","documentPath":"C:\\Users\\Cj\\Desktop\\sPeAS\\storage\\confluence\\1747455901680_5876.pdf","childDocumentCount":0}
{"timestamp":"2025-05-18T12:53:41.616Z","action":"DOCUMENT_REQUEST_CONFIRMATION","recipient":"frozenskill2212003@gmail.com","recipient_name":"Charlie Evans","document":"sample thesis","request_id":"REQ-60"}
{"timestamp":"2025-05-18T12:53:44.846Z","action":"REQUEST_CONFIRMATION_SENT_SUCCESS","recipient":"frozenskill2212003@gmail.com","recipient_name":"Charlie Evans","document":"sample thesis","request_id":"REQ-60"}
{"timestamp":"2025-05-18T12:54:13.379Z","action":"DOCUMENT_APPROVAL_START","recipient":"frozenskill2212003@gmail.com","documentTitle":"sample thesis","documentPath":"/storage/thesis/1747277698026_5952.pdf","childDocumentCount":0}
{"timestamp":"2025-05-18T12:54:15.001Z","action":"DOCUMENT_APPROVAL_START","recipient":"frozenskill2212003@gmail.com","documentTitle":"sample thesis","documentPath":"C:\\Users\\Cj\\Desktop\\sPeAS\\storage\\thesis\\1747277698026_5952.pdf","childDocumentCount":0}
{"timestamp":"2025-05-18T12:54:20.236Z","action":"DOCUMENT_APPROVAL_START","recipient":"frozenskill2212003@gmail.com","documentTitle":"sample thesis","documentPath":"/storage/thesis/1747277698026_5952.pdf","childDocumentCount":0}
{"timestamp":"2025-05-18T12:54:22.735Z","action":"DOCUMENT_APPROVAL_START","recipient":"frozenskill2212003@gmail.com","documentTitle":"sample thesis","documentPath":"C:\\Users\\Cj\\Desktop\\sPeAS\\storage\\thesis\\1747277698026_5952.pdf","childDocumentCount":0}
{"timestamp":"2025-05-18T12:54:57.510Z","action":"DOCUMENT_REQUEST_CONFIRMATION","recipient":"frozenskill2212003@gmail.com","recipient_name":"Charlie Evans","document":"p1","request_id":"REQ-61"}
{"timestamp":"2025-05-18T12:54:59.118Z","action":"REQUEST_CONFIRMATION_SENT_SUCCESS","recipient":"frozenskill2212003@gmail.com","recipient_name":"Charlie Evans","document":"p1","request_id":"REQ-61"}
{"timestamp":"2025-05-18T12:55:04.457Z","action":"DOCUMENT_APPROVAL_START","recipient":"frozenskill2212003@gmail.com","documentTitle":"p1","documentPath":"/storage/confluence/1747455901680_5876.pdf","childDocumentCount":0}
{"timestamp":"2025-05-18T12:55:06.080Z","action":"DOCUMENT_APPROVAL_START","recipient":"frozenskill2212003@gmail.com","documentTitle":"p1","documentPath":"C:\\Users\\Cj\\Desktop\\sPeAS\\storage\\confluence\\1747455901680_5876.pdf","childDocumentCount":0}
{"timestamp":"2025-05-18T12:55:42.023Z","action":"DOCUMENT_REQUEST_CONFIRMATION","recipient":"frozenskill2212003@gmail.com","recipient_name":"Charlie Evans","document":"CONFLUENCE Vol. 11 (2001-2002)","request_id":"REQ-62"}
{"timestamp":"2025-05-18T12:55:43.625Z","action":"REQUEST_CONFIRMATION_SENT_SUCCESS","recipient":"frozenskill2212003@gmail.com","recipient_name":"Charlie Evans","document":"CONFLUENCE Vol. 11 (2001-2002)","request_id":"REQ-62"}
{"timestamp":"2025-05-18T12:57:03.976Z","action":"DOCUMENT_REQUEST_CONFIRMATION","recipient":"frozenskill2212003@gmail.com","recipient_name":"Charlie Evans","document":"p1","request_id":"REQ-63"}
{"timestamp":"2025-05-18T12:57:05.673Z","action":"REQUEST_CONFIRMATION_SENT_SUCCESS","recipient":"frozenskill2212003@gmail.com","recipient_name":"Charlie Evans","document":"p1","request_id":"REQ-63"}
{"timestamp":"2025-05-18T12:57:58.175Z","action":"DOCUMENT_REQUEST_CONFIRMATION","recipient":"frozenskill2212003@gmail.com","recipient_name":"Charlie Evans","document":"p1","request_id":"REQ-64"}
{"timestamp":"2025-05-18T12:57:59.787Z","action":"REQUEST_CONFIRMATION_SENT_SUCCESS","recipient":"frozenskill2212003@gmail.com","recipient_name":"Charlie Evans","document":"p1","request_id":"REQ-64"}
{"timestamp":"2025-05-18T13:52:16.568Z","action":"DOCUMENT_REQUEST_CONFIRMATION","recipient":"frozenskill2212003@gmail.com","recipient_name":"Charlie Evans","document":"SYNERGY Vol. 11 (2020-2021)","request_id":"REQ-65"}
{"timestamp":"2025-05-18T13:52:19.969Z","action":"REQUEST_CONFIRMATION_SENT_SUCCESS","recipient":"frozenskill2212003@gmail.com","recipient_name":"Charlie Evans","document":"SYNERGY Vol. 11 (2020-2021)","request_id":"REQ-65"}
{"timestamp":"2025-05-18T14:23:25.836Z","action":"DOCUMENT_REQUEST_CONFIRMATION","recipient":"frozenskill2212003@gmail.com","recipient_name":"Charlie Evans","document":"CONFLUENCE Vol. 11 (2001-2002)","request_id":"REQ-66"}
{"timestamp":"2025-05-18T14:23:29.199Z","action":"REQUEST_CONFIRMATION_SENT_SUCCESS","recipient":"frozenskill2212003@gmail.com","recipient_name":"Charlie Evans","document":"CONFLUENCE Vol. 11 (2001-2002)","request_id":"REQ-66"}
{"timestamp":"2025-05-18T14:23:38.583Z","action":"DOCUMENT_APPROVAL_START","recipient":"frozenskill2212003@gmail.com","documentTitle":"Requested Document","documentPath":"","childDocumentCount":1}
{"timestamp":"2025-05-18T14:33:05.419Z","action":"DOCUMENT_REQUEST_CONFIRMATION","recipient":"frozenskill2212003@gmail.com","recipient_name":"Charlie Evans","document":"CONFLUENCE Vol. 13 (2017-2018)","request_id":"REQ-67"}
{"timestamp":"2025-05-18T14:33:07.061Z","action":"REQUEST_CONFIRMATION_SENT_SUCCESS","recipient":"frozenskill2212003@gmail.com","recipient_name":"Charlie Evans","document":"CONFLUENCE Vol. 13 (2017-2018)","request_id":"REQ-67"}
{"timestamp":"2025-05-18T14:38:51.777Z","action":"DOCUMENT_REQUEST_CONFIRMATION","recipient":"frozenskill2212003@gmail.com","recipient_name":"cj","document":"CONFLUENCE Vol. 11 (2001-2002)","request_id":"REQ-68"}
{"timestamp":"2025-05-18T14:38:53.448Z","action":"REQUEST_CONFIRMATION_SENT_SUCCESS","recipient":"frozenskill2212003@gmail.com","recipient_name":"cj","document":"CONFLUENCE Vol. 11 (2001-2002)","request_id":"REQ-68"}
{"timestamp":"2025-05-18T14:40:00.126Z","action":"DOCUMENT_APPROVAL_START","recipient":"frozenskill2212003@gmail.com","documentTitle":"Requested Document","documentPath":"","childDocumentCount":1}
{"timestamp":"2025-05-18T14:51:13.630Z","action":"DOCUMENT_REQUEST_CONFIRMATION","recipient":"frozenskill2212003@gmail.com","recipient_name":"Alice Johnson","document":"CONFLUENCE Vol. 3 (2005-2006)","request_id":"REQ-69"}
{"timestamp":"2025-05-18T14:56:02.213Z","action":"DOCUMENT_REQUEST_CONFIRMATION","recipient":"frozenskill2212003@gmail.com","recipient_name":"Charlie Evans","document":"CONFLUENCE Vol. 3 (2005-2006)","request_id":"REQ-70"}
{"timestamp":"2025-05-18T14:56:05.375Z","action":"REQUEST_CONFIRMATION_SENT_SUCCESS","recipient":"frozenskill2212003@gmail.com","recipient_name":"Charlie Evans","document":"CONFLUENCE Vol. 3 (2005-2006)","request_id":"REQ-70"}
{"timestamp":"2025-05-18T14:56:15.261Z","action":"DOCUMENT_APPROVAL_START","recipient":"frozenskill2212003@gmail.com","documentTitle":"Requested Document","documentPath":"","childDocumentCount":2}
{"timestamp":"2025-05-18T15:01:21.757Z","action":"DOCUMENT_REQUEST_CONFIRMATION","recipient":"frozenskill2212003@gmail.com","recipient_name":"cj","document":"CONFLUENCE Vol. 3 (2005-2006)","request_id":"REQ-71"}
{"timestamp":"2025-05-18T15:01:25.053Z","action":"REQUEST_CONFIRMATION_SENT_SUCCESS","recipient":"frozenskill2212003@gmail.com","recipient_name":"cj","document":"CONFLUENCE Vol. 3 (2005-2006)","request_id":"REQ-71"}
{"timestamp":"2025-05-18T15:01:58.591Z","action":"DOCUMENT_APPROVAL_START","recipient":"frozenskill2212003@gmail.com","documentTitle":"Requested Document","documentPath":"","childDocumentCount":2}
{"timestamp":"2025-05-18T15:11:51.192Z","action":"DOCUMENT_REQUEST_CONFIRMATION","recipient":"frozenskill2212003@gmail.com","recipient_name":"Charlie Evans","document":"CONFLUENCE Vol. 3 (2005-2006)","request_id":"REQ-72"}
{"timestamp":"2025-05-18T15:11:55.225Z","action":"REQUEST_CONFIRMATION_SENT_SUCCESS","recipient":"frozenskill2212003@gmail.com","recipient_name":"Charlie Evans","document":"CONFLUENCE Vol. 3 (2005-2006)","request_id":"REQ-72"}
{"timestamp":"2025-05-18T15:12:15.488Z","action":"DOCUMENT_APPROVAL_START","recipient":"frozenskill2212003@gmail.com","documentTitle":"Requested Document","documentPath":"69","childDocumentCount":2}
{"timestamp":"2025-05-18T15:20:16.825Z","action":"DOCUMENT_REQUEST_CONFIRMATION","recipient":"frozenskill2212003@gmail.com","recipient_name":"cj new","document":"CONFLUENCE Vol. 3 (2005-2006)","request_id":"REQ-73"}
{"timestamp":"2025-05-18T15:20:18.627Z","action":"REQUEST_CONFIRMATION_SENT_SUCCESS","recipient":"frozenskill2212003@gmail.com","recipient_name":"cj new","document":"CONFLUENCE Vol. 3 (2005-2006)","request_id":"REQ-73"}
{"timestamp":"2025-05-18T15:25:29.674Z","action":"DOCUMENT_APPROVAL_START","recipient":"frozenskill2212003@gmail.com","documentTitle":"Requested Document","documentPath":"69","childDocumentCount":2}
{"timestamp":"2025-05-18T15:25:29.689Z","action":"EMAIL_SEND_ERROR","recipient":"frozenskill2212003@gmail.com","subject":"Your request for \"Requested Document\" has been approved","error":"Cannot read properties of null (reading 'send')","friendly_error":"Email error: Cannot read properties of null (reading 'send')","error_stack":"TypeError: Cannot read properties of null (reading 'send')\n    at sendApprovedRequestEmail (file:///C:/Users/Cj/Desktop/sPeAS/Deno/services/emailService.ts:1120:22)\n    at eventLoopTick (ext:core/01_core.js:178:7)\n    at async processEmailJob (file:///C:/Users/Cj/Desktop/sPeAS/Deno/services/backgroundJobService.ts:231:22)\n    at async processNextJob (file:///C:/Users/Cj/Desktop/sPeAS/Deno/services/backgroundJobService.ts:175:9)"}
{"timestamp":"2025-05-18T15:28:26.796Z","action":"DOCUMENT_APPROVAL_START","recipient":"frozenskill2212003@gmail.com","documentTitle":"Requested Document","documentPath":"69","childDocumentCount":2}
{"timestamp":"2025-05-18T15:28:26.812Z","action":"EMAIL_SEND_ERROR","recipient":"frozenskill2212003@gmail.com","subject":"Your request for \"Requested Document\" has been approved","error":"Cannot read properties of null (reading 'send')","friendly_error":"Email error: Cannot read properties of null (reading 'send')","error_stack":"TypeError: Cannot read properties of null (reading 'send')\n    at sendApprovedRequestEmail (file:///C:/Users/Cj/Desktop/sPeAS/Deno/services/emailService.ts:1120:22)\n    at eventLoopTick (ext:core/01_core.js:178:7)\n    at async processEmailJob (file:///C:/Users/Cj/Desktop/sPeAS/Deno/services/backgroundJobService.ts:231:22)\n    at async processNextJob (file:///C:/Users/Cj/Desktop/sPeAS/Deno/services/backgroundJobService.ts:175:9)"}
{"timestamp":"2025-05-18T15:48:03.447Z","action":"DOCUMENT_APPROVAL_START","recipient":"frozenskill2212003@gmail.com","documentTitle":"p1","documentPath":"/storage/confluence/1747455901680_5876.pdf","childDocumentCount":0}
{"timestamp":"2025-05-18T15:48:06.804Z","action":"DOCUMENT_APPROVAL_START","recipient":"frozenskill2212003@gmail.com","documentTitle":"p1","documentPath":"C:\\Users\\Cj\\Desktop\\sPeAS\\storage\\confluence\\1747455901680_5876.pdf","childDocumentCount":0}
{"timestamp":"2025-05-18T17:01:21.702Z","action":"DOCUMENT_REQUEST_CONFIRMATION","recipient":"frozenskill2212003@gmail.com","recipient_name":"Charlie Evans","document":"CONFLUENCE Vol. 3 (2005-2006)","request_id":"REQ-74"}
{"timestamp":"2025-05-18T17:01:25.150Z","action":"REQUEST_CONFIRMATION_SENT_SUCCESS","recipient":"frozenskill2212003@gmail.com","recipient_name":"Charlie Evans","document":"CONFLUENCE Vol. 3 (2005-2006)","request_id":"REQ-74"}
{"timestamp":"2025-05-18T17:09:54.749Z","action":"DOCUMENT_REQUEST_CONFIRMATION","recipient":"frozenskill2212003@gmail.com","recipient_name":"Charlie Evans","document":"CONFLUENCE Vol. 3 (2005-2006)","request_id":"REQ-75"}
{"timestamp":"2025-05-18T17:09:58.861Z","action":"REQUEST_CONFIRMATION_SENT_SUCCESS","recipient":"frozenskill2212003@gmail.com","recipient_name":"Charlie Evans","document":"CONFLUENCE Vol. 3 (2005-2006)","request_id":"REQ-75"}
{"timestamp":"2025-05-18T17:21:29.182Z","action":"DOCUMENT_REQUEST_CONFIRMATION","recipient":"frozenskill2212003@gmail.com","recipient_name":"Charlie Evans","document":"CONFLUENCE Vol. 3 (2005-2006)","request_id":"REQ-76"}
{"timestamp":"2025-05-18T17:21:32.293Z","action":"REQUEST_CONFIRMATION_SENT_SUCCESS","recipient":"frozenskill2212003@gmail.com","recipient_name":"Charlie Evans","document":"CONFLUENCE Vol. 3 (2005-2006)","request_id":"REQ-76"}
{"timestamp":"2025-05-18T17:30:56.030Z","action":"DOCUMENT_REQUEST_CONFIRMATION","recipient":"frozenskill2212003@gmail.com","recipient_name":"Charlie Evans","document":"CONFLUENCE Vol. 11 (2001-2002)","request_id":"REQ-77"}
{"timestamp":"2025-05-18T17:30:59.240Z","action":"REQUEST_CONFIRMATION_SENT_SUCCESS","recipient":"frozenskill2212003@gmail.com","recipient_name":"Charlie Evans","document":"CONFLUENCE Vol. 11 (2001-2002)","request_id":"REQ-77"}
{"timestamp":"2025-05-18T17:40:16.315Z","action":"DOCUMENT_REQUEST_CONFIRMATION","recipient":"frozenskill2212003@gmail.com","recipient_name":"Charlie Evans","document":"CONFLUENCE Vol. 11 (2001-2002)","request_id":"REQ-78"}
{"timestamp":"2025-05-18T17:40:20.362Z","action":"REQUEST_CONFIRMATION_SENT_SUCCESS","recipient":"frozenskill2212003@gmail.com","recipient_name":"Charlie Evans","document":"CONFLUENCE Vol. 11 (2001-2002)","request_id":"REQ-78"}
{"timestamp":"2025-05-18T17:42:15.395Z","action":"DOCUMENT_REQUEST_CONFIRMATION","recipient":"frozenskill2212003@gmail.com","recipient_name":"Charlie Evans","document":"SYNERGY Vol. 13 (2000-2001)","request_id":"REQ-79"}
{"timestamp":"2025-05-18T17:42:19.345Z","action":"REQUEST_CONFIRMATION_SENT_SUCCESS","recipient":"frozenskill2212003@gmail.com","recipient_name":"Charlie Evans","document":"SYNERGY Vol. 13 (2000-2001)","request_id":"REQ-79"}
{"timestamp":"2025-05-18T17:42:21.831Z","action":"DOCUMENT_APPROVAL_START","recipient":"frozenskill2212003@gmail.com","documentTitle":"Requested Document","documentPath":"65","childDocumentCount":1}
{"timestamp":"2025-05-18T17:43:50.553Z","action":"DOCUMENT_REQUEST_CONFIRMATION","recipient":"frozenskill2212003@gmail.com","recipient_name":"Charlie Evans","document":"sample thesis","request_id":"REQ-80"}
{"timestamp":"2025-05-18T17:43:52.168Z","action":"REQUEST_CONFIRMATION_SENT_SUCCESS","recipient":"frozenskill2212003@gmail.com","recipient_name":"Charlie Evans","document":"sample thesis","request_id":"REQ-80"}
{"timestamp":"2025-05-18T17:48:31.714Z","action":"DOCUMENT_REQUEST_CONFIRMATION","recipient":"frozenskill2212003@gmail.com","recipient_name":"Charlie Evans","document":"CONFLUENCE Vol. 3 (2005-2006)","request_id":"REQ-81"}
{"timestamp":"2025-05-18T17:48:35.566Z","action":"REQUEST_CONFIRMATION_SENT_SUCCESS","recipient":"frozenskill2212003@gmail.com","recipient_name":"Charlie Evans","document":"CONFLUENCE Vol. 3 (2005-2006)","request_id":"REQ-81"}
