{"timestamp":"2025-05-15T01:51:36.935Z","action":"DOCUMENT_REQUEST_CONFIRMATION","recipient":"froverwuwa@gmail.com","recipient_name":"Charlie Evans","document":"sample study 1","request_id":"REQ-8"}
{"timestamp":"2025-05-15T01:54:38.102Z","action":"DOCUMENT_REQUEST_CONFIRMATION","recipient":"froverwuwa@gmail.com","recipient_name":"Charlie Evans","document":"sample study 1","request_id":"REQ-9"}
{"timestamp":"2025-05-15T01:54:41.430Z","action":"REQUEST_CONFIRMATION_SENT_SUCCESS","recipient":"froverwuwa@gmail.com","recipient_name":"Charlie Evans","document":"sample study 1","request_id":"REQ-9"}
{"timestamp":"2025-05-15T02:04:49.963Z","action":"DOCUMENT_REQUEST_CONFIRMATION","recipient":"froverwuwa@gmail.com","recipient_name":"Ethan Wright","document":"r1","request_id":"REQ-10"}
{"timestamp":"2025-05-15T02:04:53.861Z","action":"REQUEST_CONFIRMATION_SENT_SUCCESS","recipient":"froverwuwa@gmail.com","recipient_name":"Ethan Wright","document":"r1","request_id":"REQ-10"}
{"timestamp":"2025-05-15T02:10:46.469Z","action":"DOCUMENT_REQUEST_CONFIRMATION","recipient":"froverwuwa@gmail.com","recipient_name":"Ethan Wright","document":"sample study 1","request_id":"REQ-11"}
{"timestamp":"2025-05-15T02:10:49.652Z","action":"REQUEST_CONFIRMATION_SENT_SUCCESS","recipient":"froverwuwa@gmail.com","recipient_name":"Ethan Wright","document":"sample study 1","request_id":"REQ-11"}
{"timestamp":"2025-05-15T02:19:34.741Z","action":"DOCUMENT_REQUEST_CONFIRMATION","recipient":"froverwuwa@gmail.com","recipient_name":"Charlie Evans","document":"sample study 1","request_id":"REQ-12"}
{"timestamp":"2025-05-15T02:19:38.804Z","action":"REQUEST_CONFIRMATION_SENT_SUCCESS","recipient":"froverwuwa@gmail.com","recipient_name":"Charlie Evans","document":"sample study 1","request_id":"REQ-12"}
{"timestamp":"2025-05-15T02:28:08.707Z","action":"DOCUMENT_REQUEST_CONFIRMATION","recipient":"froverwuwa@gmail.com","recipient_name":"Charlie Evans","document":"r1","request_id":"REQ-13"}
{"timestamp":"2025-05-15T02:28:11.887Z","action":"REQUEST_CONFIRMATION_SENT_SUCCESS","recipient":"froverwuwa@gmail.com","recipient_name":"Charlie Evans","document":"r1","request_id":"REQ-13"}
{"timestamp":"2025-05-15T02:35:08.115Z","action":"DOCUMENT_REQUEST_CONFIRMATION","recipient":"froverwuwa@gmail.com","recipient_name":"Charlie Evans","document":"research req sampl","request_id":"REQ-14"}
{"timestamp":"2025-05-15T02:35:09.764Z","action":"REQUEST_CONFIRMATION_SENT_SUCCESS","recipient":"froverwuwa@gmail.com","recipient_name":"Charlie Evans","document":"research req sampl","request_id":"REQ-14"}
{"timestamp":"2025-05-15T02:56:03.561Z","action":"DOCUMENT_REQUEST_CONFIRMATION","recipient":"froverwuwa@gmail.com","recipient_name":"Alice Johnson","document":"res 1","request_id":"REQ-15"}
{"timestamp":"2025-05-15T02:56:07.508Z","action":"REQUEST_CONFIRMATION_SENT_SUCCESS","recipient":"froverwuwa@gmail.com","recipient_name":"Alice Johnson","document":"res 1","request_id":"REQ-15"}
{"timestamp":"2025-05-15T03:05:14.855Z","action":"DOCUMENT_REQUEST_CONFIRMATION","recipient":"froverwuwa@gmail.com","recipient_name":"Ethan Wright","document":"res 1","request_id":"REQ-16"}
{"timestamp":"2025-05-15T03:05:18.012Z","action":"REQUEST_CONFIRMATION_SENT_SUCCESS","recipient":"froverwuwa@gmail.com","recipient_name":"Ethan Wright","document":"res 1","request_id":"REQ-16"}
{"timestamp":"2025-05-15T03:06:53.614Z","action":"DOCUMENT_REQUEST_CONFIRMATION","recipient":"froverwuwa@gmail.com","recipient_name":"Ethan Wright","document":"res 1","request_id":"REQ-17"}
{"timestamp":"2025-05-15T03:06:55.317Z","action":"REQUEST_CONFIRMATION_SENT_SUCCESS","recipient":"froverwuwa@gmail.com","recipient_name":"Ethan Wright","document":"res 1","request_id":"REQ-17"}
{"timestamp":"2025-05-15T03:08:01.383Z","action":"DOCUMENT_REQUEST_CONFIRMATION","recipient":"froverwuwa@gmail.com","recipient_name":"Alice Johnson","document":"res 1","request_id":"REQ-18"}
{"timestamp":"2025-05-15T03:08:03.008Z","action":"REQUEST_CONFIRMATION_SENT_SUCCESS","recipient":"froverwuwa@gmail.com","recipient_name":"Alice Johnson","document":"res 1","request_id":"REQ-18"}
{"timestamp":"2025-05-15T03:08:58.613Z","action":"DOCUMENT_REQUEST_CONFIRMATION","recipient":"froverwuwa@gmail.com","recipient_name":"Charlie Evans","document":"res 1","request_id":"REQ-19"}
{"timestamp":"2025-05-15T03:09:00.212Z","action":"REQUEST_CONFIRMATION_SENT_SUCCESS","recipient":"froverwuwa@gmail.com","recipient_name":"Charlie Evans","document":"res 1","request_id":"REQ-19"}
